{"name": "test", "status": "broken", "statusDetails": {"message": "selenium.common.exceptions.TimeoutException: Message: \nStacktrace:\n\tGetHandleVerifier [0x0x7ff6b765e925+77845]\n\tGetHandleVerifier [0x0x7ff6b765e980+77936]\n\t(No symbol) [0x0x7ff6b7419cda]\n\t(No symbol) [0x0x7ff6b74706aa]\n\t(No symbol) [0x0x7ff6b747095c]\n\t(No symbol) [0x0x7ff6b74c3d07]\n\t(No symbol) [0x0x7ff6b749890f]\n\t(No symbol) [0x0x7ff6b74c0b07]\n\t(No symbol) [0x0x7ff6b74986a3]\n\t(No symbol) [0x0x7ff6b7461791]\n\t(No symbol) [0x0x7ff6b7462523]\n\tGetHandleVerifier [0x0x7ff6b793683d+3059501]\n\tGetHandleVerifier [0x0x7ff6b7930bfd+3035885]\n\tGetHandleVerifier [0x0x7ff6b79503f0+3164896]\n\tGetHandleVerifier [0x0x7ff6b7678c2e+185118]\n\tGetHandleVerifier [0x0x7ff6b768053f+216111]\n\tGetHandleVerifier [0x0x7ff6b76672d4+113092]\n\tGetHandleVerifier [0x0x7ff6b7667489+113529]\n\tGetHandleVerifier [0x0x7ff6b764e288+10616]\n\tBaseThreadInitThunk [0x0x7ffbe42ee8d7+23]\n\tRtlUserThreadStart [0x0x7ffbe5ebc34c+44]", "trace": "@pytest.mark.ui\n    def test():\n        base = BaseTest(\"user1\",incognito=True)\n        driver = base.driver\n        actions = base.actions\n        recorder=ScreenRecorder()\n        try:\n            recorder.start()\n            Interactions.wait_and_click(driver, By.XPATH, \"//div[@aria-label='Modules']\")\n    # Clicking navigation: Accounts payable\n            nav1 = Interactions.click_nav(driver, By.XPATH, \"//a[@data-dyn-title='Accounts payable']\")\n    # Clicking navigation: Purchase orders\n            nav2 = Interactions.click_nav(driver, By.XPATH, \"//a[@data-dyn-title='Purchase orders']\")\n    # Clicking navigation: All purchase orders\n            nav3 = Interactions.click_nav(driver, By.XPATH, \"//a[@data-dyn-title='All purchase orders']\")\n            time.sleep(3)\n            base.steps_count +=1\n            Interactions.assert_navigation(driver, base.steps_count, nav1, nav2, nav3)\n            base.steps_count +=1\n            user_input = \"00001442\"\n            Interactions.scroll_and_click_row(driver, By.XPATH, \"//div[contains(@class,'fixedDataTableRowLayout_')]/ancestor::div[@role='grid']\", f\"//input[@value='{user_input}']/ancestor::div[@class='fixedDataTableRowLayout_body']/div[1]//div[@role='checkbox']\", base.steps_count,\"In the list, find and select the desired record.\")\n            base.steps_count +=1\n            Interactions.press_enter(driver, By.XPATH, \"//input[@value='\"+user_input+\"']\")\n            base.steps_count +=1\n    # Clicking (default) on: PurchOrder\n            time.sleep(3)\n            Interactions.wait_and_click(driver, By.XPATH, \"//button/parent::div[@data-dyn-controlname='PurchOrder']\",base.steps_count,\"On the Action Pane, click Purchase order.\")\n            assert True\n        except Exception as e:\n            base.test_passed = False\n>           raise e\n\ntests\\script_PO_scroll_test.py:40: \n_ _ _ _ _ _ _ _ _ _ _ _ _ _ _ _ _ _ _ _ _ _ _ _ _ _ _ _ _ _ _ _ _ _ _ _ _ _ _ _ _ _ _ _ _ _ _ _ _ _ _ _ _ _ _ _ _ _ _ _\ntests\\script_PO_scroll_test.py:32: in test\n    Interactions.press_enter(driver, By.XPATH, \"//input[@value='\"+user_input+\"']\")\nUtils\\Interactions.py:324: in press_enter\n    element = WebDriverWait(driver, timeout).until(EC.element_to_be_clickable((by, value)))\n              ^^^^^^^^^^^^^^^^^^^^^^^^^^^^^^^^^^^^^^^^^^^^^^^^^^^^^^^^^^^^^^^^^^^^^^^^^^^^^\n_ _ _ _ _ _ _ _ _ _ _ _ _ _ _ _ _ _ _ _ _ _ _ _ _ _ _ _ _ _ _ _ _ _ _ _ _ _ _ _ _ _ _ _ _ _ _ _ _ _ _ _ _ _ _ _ _ _ _ _\n\nself = <selenium.webdriver.support.wait.WebDriverWait (session=\"bcbb3088b86364165a8936ade2eca57a\")>\nmethod = <function element_to_be_clickable.<locals>._predicate at 0x000002071ED9EA20>, message = ''\n\n    def until(self, method: Callable[[D], Union[Literal[False], T]], message: str = \"\") -> T:\n        \"\"\"Wait until the method returns a value that is not False.\n    \n        Calls the method provided with the driver as an argument until the\n        return value does not evaluate to ``False``.\n    \n        Parameters:\n        ----------\n        method: callable(WebDriver)\n            - A callable object that takes a WebDriver instance as an argument.\n    \n        message: str\n            - Optional message for :exc:`TimeoutException`\n    \n        Return:\n        -------\n        object: T\n            - The result of the last call to `method`\n    \n        Raises:\n        -------\n        TimeoutException\n            - If 'method' does not return a truthy value within the WebDriverWait\n            object's timeout\n    \n        Example:\n        --------\n        >>> from selenium.webdriver.common.by import By\n        >>> from selenium.webdriver.support.ui import WebDriverWait\n        >>> from selenium.webdriver.support import expected_conditions as EC\n    \n        # Wait until an element is visible on the page\n        >>> wait = WebDriverWait(driver, 10)\n        >>> element = wait.until(EC.visibility_of_element_located((By.ID, \"exampleId\")))\n        >>> print(element.text)\n        \"\"\"\n        screen = None\n        stacktrace = None\n    \n        end_time = time.monotonic() + self._timeout\n        while True:\n            try:\n                value = method(self._driver)\n                if value:\n                    return value\n            except self._ignored_exceptions as exc:\n                screen = getattr(exc, \"screen\", None)\n                stacktrace = getattr(exc, \"stacktrace\", None)\n            if time.monotonic() > end_time:\n                break\n            time.sleep(self._poll)\n>       raise TimeoutException(message, screen, stacktrace)\nE       selenium.common.exceptions.TimeoutException: Message: \nE       Stacktrace:\nE       \tGetHandleVerifier [0x0x7ff6b765e925+77845]\nE       \tGetHandleVerifier [0x0x7ff6b765e980+77936]\nE       \t(No symbol) [0x0x7ff6b7419cda]\nE       \t(No symbol) [0x0x7ff6b74706aa]\nE       \t(No symbol) [0x0x7ff6b747095c]\nE       \t(No symbol) [0x0x7ff6b74c3d07]\nE       \t(No symbol) [0x0x7ff6b749890f]\nE       \t(No symbol) [0x0x7ff6b74c0b07]\nE       \t(No symbol) [0x0x7ff6b74986a3]\nE       \t(No symbol) [0x0x7ff6b7461791]\nE       \t(No symbol) [0x0x7ff6b7462523]\nE       \tGetHandleVerifier [0x0x7ff6b793683d+3059501]\nE       \tGetHandleVerifier [0x0x7ff6b7930bfd+3035885]\nE       \tGetHandleVerifier [0x0x7ff6b79503f0+3164896]\nE       \tGetHandleVerifier [0x0x7ff6b7678c2e+185118]\nE       \tGetHandleVerifier [0x0x7ff6b768053f+216111]\nE       \tGetHandleVerifier [0x0x7ff6b76672d4+113092]\nE       \tGetHandleVerifier [0x0x7ff6b7667489+113529]\nE       \tGetHandleVerifier [0x0x7ff6b764e288+10616]\nE       \tBaseThreadInitThunk [0x0x7ffbe42ee8d7+23]\nE       \tRtlUserThreadStart [0x0x7ffbe5ebc34c+44]\n\n..\\..\\..\\..\\AppData\\Local\\Packages\\PythonSoftwareFoundation.Python.3.12_qbz5n2kfra8p0\\LocalCache\\local-packages\\Python312\\site-packages\\selenium\\webdriver\\support\\wait.py:146: TimeoutException"}, "attachments": [{"name": "stdout", "source": "a2cb8fdb-f94a-4bdd-9b6d-feb71adfbe6a-attachment.txt", "type": "text/plain"}], "start": 1753107740571, "stop": 1753107839480, "uuid": "d24c9895-b3e6-450d-91dc-5edd7a1d1ce1", "historyId": "9c6fb0ac3b9e18e3d68e91f7e10dacd2", "testCaseId": "9c6fb0ac3b9e18e3d68e91f7e10dacd2", "fullName": "tests.script_PO_scroll_test#test", "labels": [{"name": "tag", "value": "ui"}, {"name": "parentSuite", "value": "tests"}, {"name": "suite", "value": "script_PO_scroll_test"}, {"name": "host", "value": "PSDLAP373"}, {"name": "thread", "value": "20516-MainThread"}, {"name": "framework", "value": "pytest"}, {"name": "language", "value": "cpython3"}, {"name": "package", "value": "tests.script_PO_scroll_test"}]}